\BOOKMARK [1][-]{section.1}{Del 1}{}% 1
\BOOKMARK [2][-]{subsection.1.1}{Problembeskrivning}{section.1}% 2
\BOOKMARK [2][-]{subsection.1.2}{Anv\344ndarhandledning}{section.1}% 3
\BOOKMARK [2][-]{subsection.1.3}{Exempelk\366rningar}{section.1}% 4
\BOOKMARK [3][-]{subsubsection.1.3.1}{Korrekt ifyllt formul\344r}{subsection.1.3}% 5
\BOOKMARK [3][-]{subsubsection.1.3.2}{Felaktigt First Name}{subsection.1.3}% 6
\BOOKMARK [3][-]{subsubsection.1.3.3}{Tv\345 felaktiga f\344lt}{subsection.1.3}% 7
\BOOKMARK [3][-]{subsubsection.1.3.4}{Felaktigt E-mail}{subsection.1.3}% 8
\BOOKMARK [3][-]{subsubsection.1.3.5}{Felaktigt telefonnummer}{subsection.1.3}% 9
\BOOKMARK [3][-]{subsubsection.1.3.6}{L\366senord som inte matchar}{subsection.1.3}% 10
\BOOKMARK [1][-]{section.2}{Del 2}{}% 11
\BOOKMARK [2][-]{subsection.2.1}{Problembeskrivning}{section.2}% 12
\BOOKMARK [2][-]{subsection.2.2}{Anv\344ndarhandledning}{section.2}% 13
\BOOKMARK [3][-]{subsubsection.2.2.1}{L\344gga till bok}{subsection.2.2}% 14
\BOOKMARK [3][-]{subsubsection.2.2.2}{Ta bort bok}{subsection.2.2}% 15
\BOOKMARK [3][-]{subsubsection.2.2.3}{\304ndra bokdata}{subsection.2.2}% 16
\BOOKMARK [2][-]{subsection.2.3}{Exempelk\366rningar}{section.2}% 17
\BOOKMARK [3][-]{subsubsection.2.3.1}{L\344gga till bok}{subsection.2.3}% 18
\BOOKMARK [3][-]{subsubsection.2.3.2}{Ta bort bok}{subsection.2.3}% 19
\BOOKMARK [3][-]{subsubsection.2.3.3}{\304ndra bokdata}{subsection.2.3}% 20
\BOOKMARK [1][-]{section.3}{Diskussion}{}% 21
